<?xml version="1.0" encoding="UTF-8"?>
<!-- Generated by org.testng.reporters.JUnitXMLReporter -->
<testsuite ignored="0" hostname="LAPTOP-BCBO1JTN" failures="1" tests="1" name="Default test(failed)" time="0.813" errors="0" timestamp="2024-02-19T12:38:35 IST">
  <testcase classname="driverFactory.DriverScript" name="startTest" time="0.771">
    <failure type="java.lang.NullPointerException" message="Cannot invoke &amp;quot;org.openqa.selenium.WebDriver.findElement(org.openqa.selenium.By)&amp;quot; because &amp;quot;commonFunctions.FunctionLibrary.driver&amp;quot; is null">
      <![CDATA[java.lang.NullPointerException: Cannot invoke "org.openqa.selenium.WebDriver.findElement(org.openqa.selenium.By)" because "commonFunctions.FunctionLibrary.driver" is null
at commonFunctions.FunctionLibrary.adminLogin(FunctionLibrary.java:19)
at driverFactory.DriverScript.startTest(DriverScript.java:58)
at java.base/java.util.ArrayList.forEach(ArrayList.java:1511)
... Removed 27 stack frames]]>
    </failure>
  </testcase> <!-- startTest -->
</testsuite> <!-- Default test(failed) -->
